2019-03-01 15:31:57.627  INFO 10328 --- [restartedMain] c.s.serviceEnv2.ServiceEnv2Application   : No active profile set, falling back to default profiles: default
2019-03-01 15:31:58.364  INFO 10328 --- [restartedMain] o.s.cloud.context.scope.GenericScope     : BeanFactory id=3546fac6-312a-3c52-a143-81dcc24e9e2f
2019-03-01 15:31:58.422  INFO 10328 --- [restartedMain] trationDelegate$BeanPostProcessorChecker : Bean 'org.springframework.cloud.autoconfigure.ConfigurationPropertiesRebinderAutoConfiguration' of type [org.springframework.cloud.autoconfigure.ConfigurationPropertiesRebinderAutoConfiguration$$EnhancerBySpringCGLIB$$aaa9993a] is not eligible for getting processed by all BeanPostProcessors (for example: not eligible for auto-proxying)
2019-03-01 15:31:59.197  INFO 10328 --- [restartedMain] o.s.b.w.embedded.tomcat.TomcatWebServer  : Tomcat initialized with port(s): 7076 (http)
2019-03-01 15:31:59.216  INFO 10328 --- [restartedMain] o.apache.catalina.core.StandardService   : Starting service [Tomcat]
2019-03-01 15:31:59.216  INFO 10328 --- [restartedMain] org.apache.catalina.core.StandardEngine  : Starting Servlet engine: [Apache Tomcat/9.0.16]
2019-03-01 15:31:59.224  INFO 10328 --- [restartedMain] o.a.catalina.core.AprLifecycleListener   : The APR based Apache Tomcat Native library which allows optimal performance in production environments was not found on the java.library.path: [C:\Program Files\Java\jdk1.8.0_201\jre\bin;C:\WINDOWS\Sun\Java\bin;C:\WINDOWS\system32;C:\WINDOWS;C:\Program Files (x86)\Common Files\Oracle\Java\javapath;C:\Program Files (x86)\Intel\Intel(R) Management Engine Components\iCLS\;C:\Program Files\Intel\Intel(R) Management Engine Components\iCLS\;C:\WINDOWS\system32;C:\WINDOWS;C:\WINDOWS\System32\Wbem;C:\WINDOWS\System32\WindowsPowerShell\v1.0\;C:\Program Files (x86)\Kaspersky Lab\Kaspersky Endpoint Security 10 for Windows SP2\;C:\WINDOWS\System32\OpenSSH\;C:\Program Files\PuTTY\;C:\Program Files\nodejs\;C:\Program Files\Java\jdk1.8.0_201;C:\Program Files\Git\cmd;C:\Program Files\Git\mingw64\bin;C:\Program Files\Git\usr\bin;D:\vault;C:\apache-maven-3.6.0\bin;D:\istio\bin;C:\ProgramData\chocolatey\bin;C:\Program Files\Intel\WiFi\bin\;C:\Program Files\Common Files\Intel\WirelessCommon\;C:\Users\mafeki\AppData\Local\Microsoft\WindowsApps;C:\Users\mafeki\AppData\Local\Programs\Microsoft VS Code\bin;C:\Users\mafeki\AppData\Roaming\npm;C:\apache-maven-3.6.0\bin;C:\Program Files\Intel\WiFi\bin\;C:\Program Files\Common Files\Intel\WirelessCommon\;.]
2019-03-01 15:31:59.292  INFO 10328 --- [restartedMain] o.a.c.c.C.[Tomcat].[localhost].[/]       : Initializing Spring embedded WebApplicationContext
2019-03-01 15:31:59.293  INFO 10328 --- [restartedMain] o.s.web.context.ContextLoader            : Root WebApplicationContext: initialization completed in 1657 ms
2019-03-01 15:31:59.372  WARN 10328 --- [restartedMain] c.n.c.sources.URLConfigurationSource     : No URLs will be polled as dynamic configuration sources.
2019-03-01 15:31:59.372  INFO 10328 --- [restartedMain] c.n.c.sources.URLConfigurationSource     : To enable URLs as dynamic configuration sources, define System property archaius.configurationSource.additionalUrls or make config.properties available on classpath.
2019-03-01 15:31:59.383  INFO 10328 --- [restartedMain] c.netflix.config.DynamicPropertyFactory  : DynamicPropertyFactory is initialized with configuration sources: com.netflix.config.ConcurrentCompositeConfiguration@359e2b30
2019-03-01 15:31:59.601  WARN 10328 --- [restartedMain] c.n.c.sources.URLConfigurationSource     : No URLs will be polled as dynamic configuration sources.
2019-03-01 15:31:59.601  INFO 10328 --- [restartedMain] c.n.c.sources.URLConfigurationSource     : To enable URLs as dynamic configuration sources, define System property archaius.configurationSource.additionalUrls or make config.properties available on classpath.
2019-03-01 15:31:59.712  INFO 10328 --- [restartedMain] o.s.s.concurrent.ThreadPoolTaskExecutor  : Initializing ExecutorService 'applicationTaskExecutor'
2019-03-01 15:31:59.934  WARN 10328 --- [restartedMain] o.s.b.d.a.OptionalLiveReloadServer       : Unable to start LiveReload server
2019-03-01 15:32:00.402  INFO 10328 --- [restartedMain] o.s.b.a.e.web.EndpointLinksResolver      : Exposing 2 endpoint(s) beneath base path '/actuator'
2019-03-01 15:32:00.483  INFO 10328 --- [restartedMain] o.s.b.w.embedded.tomcat.TomcatWebServer  : Tomcat started on port(s): 7076 (http) with context path ''
2019-03-01 15:32:00.484  INFO 10328 --- [restartedMain] c.s.serviceEnv2.ServiceEnv2Application   : Started ServiceEnv2Application in 4.509 seconds (JVM running for 4.934)
2019-03-01 15:32:15.273  INFO 10328 --- [http-nio-7076-exec-1] o.a.c.c.C.[Tomcat].[localhost].[/]       : Initializing Spring DispatcherServlet 'dispatcherServlet'
2019-03-01 15:32:15.273  INFO 10328 --- [http-nio-7076-exec-1] o.s.web.servlet.DispatcherServlet        : Initializing Servlet 'dispatcherServlet'
2019-03-01 15:32:15.281  INFO 10328 --- [http-nio-7076-exec-1] o.s.web.servlet.DispatcherServlet        : Completed initialization in 8 ms
2019-03-01 15:39:05.232  INFO 10328 --- [Thread-1] o.s.s.concurrent.ThreadPoolTaskExecutor  : Shutting down ExecutorService 'applicationTaskExecutor'
2019-03-01 15:39:07.143  INFO 10328 --- [restartedMain] c.s.serviceEnv2.ServiceEnv2Application   : No active profile set, falling back to default profiles: default
2019-03-01 15:39:07.547  INFO 10328 --- [restartedMain] o.s.cloud.context.scope.GenericScope     : BeanFactory id=3546fac6-312a-3c52-a143-81dcc24e9e2f
2019-03-01 15:39:07.564  INFO 10328 --- [restartedMain] trationDelegate$BeanPostProcessorChecker : Bean 'org.springframework.cloud.autoconfigure.ConfigurationPropertiesRebinderAutoConfiguration' of type [org.springframework.cloud.autoconfigure.ConfigurationPropertiesRebinderAutoConfiguration$$EnhancerBySpringCGLIB$$aaa9993a] is not eligible for getting processed by all BeanPostProcessors (for example: not eligible for auto-proxying)
2019-03-01 15:39:07.674  INFO 10328 --- [restartedMain] o.s.b.w.embedded.tomcat.TomcatWebServer  : Tomcat initialized with port(s): 7076 (http)
2019-03-01 15:39:07.676  INFO 10328 --- [restartedMain] o.apache.catalina.core.StandardService   : Starting service [Tomcat]
2019-03-01 15:39:07.676  INFO 10328 --- [restartedMain] org.apache.catalina.core.StandardEngine  : Starting Servlet engine: [Apache Tomcat/9.0.16]
2019-03-01 15:39:07.706  INFO 10328 --- [restartedMain] o.a.c.c.C.[Tomcat].[localhost].[/]       : Initializing Spring embedded WebApplicationContext
2019-03-01 15:39:07.706  INFO 10328 --- [restartedMain] o.s.web.context.ContextLoader            : Root WebApplicationContext: initialization completed in 561 ms
2019-03-01 15:39:07.810  WARN 10328 --- [restartedMain] c.n.c.sources.URLConfigurationSource     : No URLs will be polled as dynamic configuration sources.
2019-03-01 15:39:07.810  INFO 10328 --- [restartedMain] c.n.c.sources.URLConfigurationSource     : To enable URLs as dynamic configuration sources, define System property archaius.configurationSource.additionalUrls or make config.properties available on classpath.
2019-03-01 15:39:07.848  INFO 10328 --- [restartedMain] o.s.s.concurrent.ThreadPoolTaskExecutor  : Initializing ExecutorService 'applicationTaskExecutor'
2019-03-01 15:39:07.915  INFO 10328 --- [restartedMain] o.s.b.d.a.OptionalLiveReloadServer       : LiveReload server is running on port 35729
2019-03-01 15:39:08.465  INFO 10328 --- [restartedMain] o.s.b.a.e.web.EndpointLinksResolver      : Exposing 2 endpoint(s) beneath base path '/actuator'
2019-03-01 15:39:08.509  INFO 10328 --- [restartedMain] o.s.b.w.embedded.tomcat.TomcatWebServer  : Tomcat started on port(s): 7076 (http) with context path ''
2019-03-01 15:39:08.509  INFO 10328 --- [restartedMain] c.s.serviceEnv2.ServiceEnv2Application   : Started ServiceEnv2Application in 2.714 seconds (JVM running for 432.959)
2019-03-01 15:39:08.513  INFO 10328 --- [restartedMain] .ConditionEvaluationDeltaLoggingListener : Condition evaluation unchanged
2019-03-01 15:46:55.795  INFO 10328 --- [http-nio-7076-exec-1] o.a.c.c.C.[Tomcat].[localhost].[/]       : Initializing Spring DispatcherServlet 'dispatcherServlet'
2019-03-01 15:46:55.797  INFO 10328 --- [http-nio-7076-exec-1] o.s.web.servlet.DispatcherServlet        : Initializing Servlet 'dispatcherServlet'
2019-03-01 15:46:55.802  INFO 10328 --- [http-nio-7076-exec-1] o.s.web.servlet.DispatcherServlet        : Completed initialization in 5 ms
2019-03-01 15:48:56.910  INFO 10328 --- [Thread-19] o.s.s.concurrent.ThreadPoolTaskExecutor  : Shutting down ExecutorService 'applicationTaskExecutor'
2019-03-01 15:48:58.264  INFO 10328 --- [restartedMain] c.s.serviceEnv2.ServiceEnv2Application   : No active profile set, falling back to default profiles: default
2019-03-01 15:48:58.509  INFO 10328 --- [restartedMain] o.s.cloud.context.scope.GenericScope     : BeanFactory id=3546fac6-312a-3c52-a143-81dcc24e9e2f
2019-03-01 15:48:58.520  INFO 10328 --- [restartedMain] trationDelegate$BeanPostProcessorChecker : Bean 'org.springframework.cloud.autoconfigure.ConfigurationPropertiesRebinderAutoConfiguration' of type [org.springframework.cloud.autoconfigure.ConfigurationPropertiesRebinderAutoConfiguration$$EnhancerBySpringCGLIB$$aaa9993a] is not eligible for getting processed by all BeanPostProcessors (for example: not eligible for auto-proxying)
2019-03-01 15:48:58.593  INFO 10328 --- [restartedMain] o.s.b.w.embedded.tomcat.TomcatWebServer  : Tomcat initialized with port(s): 7076 (http)
2019-03-01 15:48:58.594  INFO 10328 --- [restartedMain] o.apache.catalina.core.StandardService   : Starting service [Tomcat]
2019-03-01 15:48:58.594  INFO 10328 --- [restartedMain] org.apache.catalina.core.StandardEngine  : Starting Servlet engine: [Apache Tomcat/9.0.16]
2019-03-01 15:48:58.609  INFO 10328 --- [restartedMain] o.a.c.c.C.[Tomcat].[localhost].[/]       : Initializing Spring embedded WebApplicationContext
2019-03-01 15:48:58.610  INFO 10328 --- [restartedMain] o.s.web.context.ContextLoader            : Root WebApplicationContext: initialization completed in 345 ms
2019-03-01 15:48:58.686  WARN 10328 --- [restartedMain] c.n.c.sources.URLConfigurationSource     : No URLs will be polled as dynamic configuration sources.
2019-03-01 15:48:58.687  INFO 10328 --- [restartedMain] c.n.c.sources.URLConfigurationSource     : To enable URLs as dynamic configuration sources, define System property archaius.configurationSource.additionalUrls or make config.properties available on classpath.
2019-03-01 15:48:58.721  INFO 10328 --- [restartedMain] o.s.s.concurrent.ThreadPoolTaskExecutor  : Initializing ExecutorService 'applicationTaskExecutor'
2019-03-01 15:48:58.789  INFO 10328 --- [restartedMain] o.s.b.d.a.OptionalLiveReloadServer       : LiveReload server is running on port 35729
2019-03-01 15:48:59.245  INFO 10328 --- [restartedMain] o.s.b.a.e.web.EndpointLinksResolver      : Exposing 2 endpoint(s) beneath base path '/actuator'
2019-03-01 15:48:59.265  INFO 10328 --- [restartedMain] o.s.b.w.embedded.tomcat.TomcatWebServer  : Tomcat started on port(s): 7076 (http) with context path ''
2019-03-01 15:48:59.266  INFO 10328 --- [restartedMain] c.s.serviceEnv2.ServiceEnv2Application   : Started ServiceEnv2Application in 1.906 seconds (JVM running for 1023.723)
2019-03-01 15:48:59.268  INFO 10328 --- [restartedMain] .ConditionEvaluationDeltaLoggingListener : Condition evaluation unchanged
2019-03-01 16:13:11.280  INFO 10328 --- [http-nio-7076-exec-1] o.a.c.c.C.[Tomcat].[localhost].[/]       : Initializing Spring DispatcherServlet 'dispatcherServlet'
2019-03-01 16:13:11.281  INFO 10328 --- [http-nio-7076-exec-1] o.s.web.servlet.DispatcherServlet        : Initializing Servlet 'dispatcherServlet'
2019-03-01 16:13:11.285  INFO 10328 --- [http-nio-7076-exec-1] o.s.web.servlet.DispatcherServlet        : Completed initialization in 4 ms
2019-03-01 16:59:31.312  INFO 10328 --- [Thread-26] o.s.s.concurrent.ThreadPoolTaskExecutor  : Shutting down ExecutorService 'applicationTaskExecutor'
2019-03-01 16:59:32.902  INFO 10328 --- [restartedMain] c.s.serviceEnv2.ServiceEnv2Application   : No active profile set, falling back to default profiles: default
2019-03-01 16:59:33.507  INFO 10328 --- [restartedMain] o.s.cloud.context.scope.GenericScope     : BeanFactory id=3546fac6-312a-3c52-a143-81dcc24e9e2f
2019-03-01 16:59:33.533  INFO 10328 --- [restartedMain] trationDelegate$BeanPostProcessorChecker : Bean 'org.springframework.cloud.autoconfigure.ConfigurationPropertiesRebinderAutoConfiguration' of type [org.springframework.cloud.autoconfigure.ConfigurationPropertiesRebinderAutoConfiguration$$EnhancerBySpringCGLIB$$aaa9993a] is not eligible for getting processed by all BeanPostProcessors (for example: not eligible for auto-proxying)
2019-03-01 16:59:33.685  INFO 10328 --- [restartedMain] o.s.b.w.embedded.tomcat.TomcatWebServer  : Tomcat initialized with port(s): 7076 (http)
2019-03-01 16:59:33.687  INFO 10328 --- [restartedMain] o.apache.catalina.core.StandardService   : Starting service [Tomcat]
2019-03-01 16:59:33.688  INFO 10328 --- [restartedMain] org.apache.catalina.core.StandardEngine  : Starting Servlet engine: [Apache Tomcat/9.0.16]
2019-03-01 16:59:33.706  INFO 10328 --- [restartedMain] o.a.c.c.C.[Tomcat].[localhost].[/]       : Initializing Spring embedded WebApplicationContext
2019-03-01 16:59:33.707  INFO 10328 --- [restartedMain] o.s.web.context.ContextLoader            : Root WebApplicationContext: initialization completed in 803 ms
2019-03-01 16:59:33.863  WARN 10328 --- [restartedMain] c.n.c.sources.URLConfigurationSource     : No URLs will be polled as dynamic configuration sources.
2019-03-01 16:59:33.863  INFO 10328 --- [restartedMain] c.n.c.sources.URLConfigurationSource     : To enable URLs as dynamic configuration sources, define System property archaius.configurationSource.additionalUrls or make config.properties available on classpath.
2019-03-01 16:59:33.946  INFO 10328 --- [restartedMain] o.s.s.concurrent.ThreadPoolTaskExecutor  : Initializing ExecutorService 'applicationTaskExecutor'
2019-03-01 16:59:34.072  INFO 10328 --- [restartedMain] o.s.b.d.a.OptionalLiveReloadServer       : LiveReload server is running on port 35729
2019-03-01 16:59:34.787  INFO 10328 --- [restartedMain] o.s.b.a.e.web.EndpointLinksResolver      : Exposing 2 endpoint(s) beneath base path '/actuator'
2019-03-01 16:59:34.838  INFO 10328 --- [restartedMain] o.s.b.w.embedded.tomcat.TomcatWebServer  : Tomcat started on port(s): 7076 (http) with context path ''
2019-03-01 16:59:34.839  INFO 10328 --- [restartedMain] c.s.serviceEnv2.ServiceEnv2Application   : Started ServiceEnv2Application in 3.032 seconds (JVM running for 5259.301)
2019-03-01 16:59:34.843  INFO 10328 --- [restartedMain] .ConditionEvaluationDeltaLoggingListener : Condition evaluation unchanged
2019-03-01 17:00:21.568  INFO 10328 --- [Thread-37] o.s.s.concurrent.ThreadPoolTaskExecutor  : Shutting down ExecutorService 'applicationTaskExecutor'
2019-03-01 17:00:23.297  INFO 10328 --- [restartedMain] c.s.serviceEnv2.ServiceEnv2Application   : No active profile set, falling back to default profiles: default
2019-03-01 17:00:23.540  INFO 10328 --- [restartedMain] o.s.cloud.context.scope.GenericScope     : BeanFactory id=3546fac6-312a-3c52-a143-81dcc24e9e2f
2019-03-01 17:00:23.551  INFO 10328 --- [restartedMain] trationDelegate$BeanPostProcessorChecker : Bean 'org.springframework.cloud.autoconfigure.ConfigurationPropertiesRebinderAutoConfiguration' of type [org.springframework.cloud.autoconfigure.ConfigurationPropertiesRebinderAutoConfiguration$$EnhancerBySpringCGLIB$$aaa9993a] is not eligible for getting processed by all BeanPostProcessors (for example: not eligible for auto-proxying)
2019-03-01 17:00:23.638  INFO 10328 --- [restartedMain] o.s.b.w.embedded.tomcat.TomcatWebServer  : Tomcat initialized with port(s): 7076 (http)
2019-03-01 17:00:23.640  INFO 10328 --- [restartedMain] o.apache.catalina.core.StandardService   : Starting service [Tomcat]
2019-03-01 17:00:23.640  INFO 10328 --- [restartedMain] org.apache.catalina.core.StandardEngine  : Starting Servlet engine: [Apache Tomcat/9.0.16]
2019-03-01 17:00:23.654  INFO 10328 --- [restartedMain] o.a.c.c.C.[Tomcat].[localhost].[/]       : Initializing Spring embedded WebApplicationContext
2019-03-01 17:00:23.654  INFO 10328 --- [restartedMain] o.s.web.context.ContextLoader            : Root WebApplicationContext: initialization completed in 356 ms
2019-03-01 17:00:23.770  WARN 10328 --- [restartedMain] c.n.c.sources.URLConfigurationSource     : No URLs will be polled as dynamic configuration sources.
2019-03-01 17:00:23.771  INFO 10328 --- [restartedMain] c.n.c.sources.URLConfigurationSource     : To enable URLs as dynamic configuration sources, define System property archaius.configurationSource.additionalUrls or make config.properties available on classpath.
2019-03-01 17:00:23.817  INFO 10328 --- [restartedMain] o.s.s.concurrent.ThreadPoolTaskExecutor  : Initializing ExecutorService 'applicationTaskExecutor'
2019-03-01 17:00:23.900  INFO 10328 --- [restartedMain] o.s.b.d.a.OptionalLiveReloadServer       : LiveReload server is running on port 35729
2019-03-01 17:00:24.513  INFO 10328 --- [restartedMain] o.s.b.a.e.web.EndpointLinksResolver      : Exposing 2 endpoint(s) beneath base path '/actuator'
2019-03-01 17:00:24.545  INFO 10328 --- [restartedMain] o.s.b.w.embedded.tomcat.TomcatWebServer  : Tomcat started on port(s): 7076 (http) with context path ''
2019-03-01 17:00:24.546  INFO 10328 --- [restartedMain] c.s.serviceEnv2.ServiceEnv2Application   : Started ServiceEnv2Application in 2.339 seconds (JVM running for 5309.008)
2019-03-01 17:00:24.549  INFO 10328 --- [restartedMain] .ConditionEvaluationDeltaLoggingListener : Condition evaluation unchanged
2019-03-01 17:02:01.500  INFO 10328 --- [Thread-46] o.s.s.concurrent.ThreadPoolTaskExecutor  : Shutting down ExecutorService 'applicationTaskExecutor'
2019-03-01 17:02:02.963  INFO 10328 --- [restartedMain] c.s.serviceEnv2.ServiceEnv2Application   : No active profile set, falling back to default profiles: default
2019-03-01 17:02:03.223  INFO 10328 --- [restartedMain] o.s.cloud.context.scope.GenericScope     : BeanFactory id=3546fac6-312a-3c52-a143-81dcc24e9e2f
2019-03-01 17:02:03.236  INFO 10328 --- [restartedMain] trationDelegate$BeanPostProcessorChecker : Bean 'org.springframework.cloud.autoconfigure.ConfigurationPropertiesRebinderAutoConfiguration' of type [org.springframework.cloud.autoconfigure.ConfigurationPropertiesRebinderAutoConfiguration$$EnhancerBySpringCGLIB$$aaa9993a] is not eligible for getting processed by all BeanPostProcessors (for example: not eligible for auto-proxying)
2019-03-01 17:02:03.327  INFO 10328 --- [restartedMain] o.s.b.w.embedded.tomcat.TomcatWebServer  : Tomcat initialized with port(s): 7076 (http)
2019-03-01 17:02:03.329  INFO 10328 --- [restartedMain] o.apache.catalina.core.StandardService   : Starting service [Tomcat]
2019-03-01 17:02:03.329  INFO 10328 --- [restartedMain] org.apache.catalina.core.StandardEngine  : Starting Servlet engine: [Apache Tomcat/9.0.16]
2019-03-01 17:02:03.343  INFO 10328 --- [restartedMain] o.a.c.c.C.[Tomcat].[localhost].[/]       : Initializing Spring embedded WebApplicationContext
2019-03-01 17:02:03.344  INFO 10328 --- [restartedMain] o.s.web.context.ContextLoader            : Root WebApplicationContext: initialization completed in 380 ms
2019-03-01 17:02:03.417  WARN 10328 --- [restartedMain] c.n.c.sources.URLConfigurationSource     : No URLs will be polled as dynamic configuration sources.
2019-03-01 17:02:03.417  INFO 10328 --- [restartedMain] c.n.c.sources.URLConfigurationSource     : To enable URLs as dynamic configuration sources, define System property archaius.configurationSource.additionalUrls or make config.properties available on classpath.
2019-03-01 17:02:03.446  INFO 10328 --- [restartedMain] o.s.s.concurrent.ThreadPoolTaskExecutor  : Initializing ExecutorService 'applicationTaskExecutor'
2019-03-01 17:02:03.492  INFO 10328 --- [restartedMain] o.s.b.d.a.OptionalLiveReloadServer       : LiveReload server is running on port 35729
2019-03-01 17:02:04.069  INFO 10328 --- [restartedMain] o.s.b.a.e.web.EndpointLinksResolver      : Exposing 2 endpoint(s) beneath base path '/actuator'
2019-03-01 17:02:04.096  INFO 10328 --- [restartedMain] o.s.b.w.embedded.tomcat.TomcatWebServer  : Tomcat started on port(s): 7076 (http) with context path ''
2019-03-01 17:02:04.097  INFO 10328 --- [restartedMain] c.s.serviceEnv2.ServiceEnv2Application   : Started ServiceEnv2Application in 2.139 seconds (JVM running for 5408.559)
2019-03-01 17:02:04.099  INFO 10328 --- [restartedMain] .ConditionEvaluationDeltaLoggingListener : Condition evaluation unchanged
2019-03-01 17:04:28.198  INFO 10328 --- [Thread-55] o.s.s.concurrent.ThreadPoolTaskExecutor  : Shutting down ExecutorService 'applicationTaskExecutor'
2019-03-01 17:04:29.564  INFO 10328 --- [restartedMain] c.s.serviceEnv2.ServiceEnv2Application   : No active profile set, falling back to default profiles: default
2019-03-01 17:04:29.772  INFO 10328 --- [restartedMain] o.s.cloud.context.scope.GenericScope     : BeanFactory id=3546fac6-312a-3c52-a143-81dcc24e9e2f
2019-03-01 17:04:29.779  INFO 10328 --- [restartedMain] trationDelegate$BeanPostProcessorChecker : Bean 'org.springframework.cloud.autoconfigure.ConfigurationPropertiesRebinderAutoConfiguration' of type [org.springframework.cloud.autoconfigure.ConfigurationPropertiesRebinderAutoConfiguration$$EnhancerBySpringCGLIB$$aaa9993a] is not eligible for getting processed by all BeanPostProcessors (for example: not eligible for auto-proxying)
2019-03-01 17:04:29.849  INFO 10328 --- [restartedMain] o.s.b.w.embedded.tomcat.TomcatWebServer  : Tomcat initialized with port(s): 7076 (http)
2019-03-01 17:04:29.850  INFO 10328 --- [restartedMain] o.apache.catalina.core.StandardService   : Starting service [Tomcat]
2019-03-01 17:04:29.850  INFO 10328 --- [restartedMain] org.apache.catalina.core.StandardEngine  : Starting Servlet engine: [Apache Tomcat/9.0.16]
2019-03-01 17:04:29.863  INFO 10328 --- [restartedMain] o.a.c.c.C.[Tomcat].[localhost].[/]       : Initializing Spring embedded WebApplicationContext
2019-03-01 17:04:29.863  INFO 10328 --- [restartedMain] o.s.web.context.ContextLoader            : Root WebApplicationContext: initialization completed in 297 ms
2019-03-01 17:04:29.932  WARN 10328 --- [restartedMain] c.n.c.sources.URLConfigurationSource     : No URLs will be polled as dynamic configuration sources.
2019-03-01 17:04:29.932  INFO 10328 --- [restartedMain] c.n.c.sources.URLConfigurationSource     : To enable URLs as dynamic configuration sources, define System property archaius.configurationSource.additionalUrls or make config.properties available on classpath.
2019-03-01 17:04:29.968  INFO 10328 --- [restartedMain] o.s.s.concurrent.ThreadPoolTaskExecutor  : Initializing ExecutorService 'applicationTaskExecutor'
2019-03-01 17:04:30.026  INFO 10328 --- [restartedMain] o.s.b.d.a.OptionalLiveReloadServer       : LiveReload server is running on port 35729
2019-03-01 17:04:30.498  INFO 10328 --- [restartedMain] o.s.b.a.e.web.EndpointLinksResolver      : Exposing 2 endpoint(s) beneath base path '/actuator'
2019-03-01 17:04:30.521  INFO 10328 --- [restartedMain] o.s.b.w.embedded.tomcat.TomcatWebServer  : Tomcat started on port(s): 7076 (http) with context path ''
2019-03-01 17:04:30.522  INFO 10328 --- [restartedMain] c.s.serviceEnv2.ServiceEnv2Application   : Started ServiceEnv2Application in 1.882 seconds (JVM running for 5554.985)
2019-03-01 17:04:30.525  INFO 10328 --- [restartedMain] .ConditionEvaluationDeltaLoggingListener : Condition evaluation unchanged
2019-03-01 17:07:35.816  INFO 10328 --- [Thread-64] o.s.s.concurrent.ThreadPoolTaskExecutor  : Shutting down ExecutorService 'applicationTaskExecutor'
2019-03-01 17:07:37.408  INFO 10328 --- [restartedMain] c.s.serviceEnv2.ServiceEnv2Application   : No active profile set, falling back to default profiles: default
2019-03-01 17:07:37.702  INFO 10328 --- [restartedMain] o.s.cloud.context.scope.GenericScope     : BeanFactory id=3546fac6-312a-3c52-a143-81dcc24e9e2f
2019-03-01 17:07:37.713  INFO 10328 --- [restartedMain] trationDelegate$BeanPostProcessorChecker : Bean 'org.springframework.cloud.autoconfigure.ConfigurationPropertiesRebinderAutoConfiguration' of type [org.springframework.cloud.autoconfigure.ConfigurationPropertiesRebinderAutoConfiguration$$EnhancerBySpringCGLIB$$aaa9993a] is not eligible for getting processed by all BeanPostProcessors (for example: not eligible for auto-proxying)
2019-03-01 17:07:37.802  INFO 10328 --- [restartedMain] o.s.b.w.embedded.tomcat.TomcatWebServer  : Tomcat initialized with port(s): 7076 (http)
2019-03-01 17:07:37.803  INFO 10328 --- [restartedMain] o.apache.catalina.core.StandardService   : Starting service [Tomcat]
2019-03-01 17:07:37.803  INFO 10328 --- [restartedMain] org.apache.catalina.core.StandardEngine  : Starting Servlet engine: [Apache Tomcat/9.0.16]
2019-03-01 17:07:37.817  INFO 10328 --- [restartedMain] o.a.c.c.C.[Tomcat].[localhost].[/]       : Initializing Spring embedded WebApplicationContext
2019-03-01 17:07:37.817  INFO 10328 --- [restartedMain] o.s.web.context.ContextLoader            : Root WebApplicationContext: initialization completed in 408 ms
2019-03-01 17:07:37.921  WARN 10328 --- [restartedMain] c.n.c.sources.URLConfigurationSource     : No URLs will be polled as dynamic configuration sources.
2019-03-01 17:07:37.922  INFO 10328 --- [restartedMain] c.n.c.sources.URLConfigurationSource     : To enable URLs as dynamic configuration sources, define System property archaius.configurationSource.additionalUrls or make config.properties available on classpath.
2019-03-01 17:07:37.969  INFO 10328 --- [restartedMain] o.s.s.concurrent.ThreadPoolTaskExecutor  : Initializing ExecutorService 'applicationTaskExecutor'
2019-03-01 17:07:38.044  INFO 10328 --- [restartedMain] o.s.b.d.a.OptionalLiveReloadServer       : LiveReload server is running on port 35729
2019-03-01 17:07:38.494  INFO 10328 --- [restartedMain] o.s.b.a.e.web.EndpointLinksResolver      : Exposing 2 endpoint(s) beneath base path '/actuator'
2019-03-01 17:07:38.511  INFO 10328 --- [restartedMain] o.s.b.w.embedded.tomcat.TomcatWebServer  : Tomcat started on port(s): 7076 (http) with context path ''
2019-03-01 17:07:38.512  INFO 10328 --- [restartedMain] c.s.serviceEnv2.ServiceEnv2Application   : Started ServiceEnv2Application in 2.119 seconds (JVM running for 5742.974)
2019-03-01 17:07:38.513  INFO 10328 --- [restartedMain] .ConditionEvaluationDeltaLoggingListener : Condition evaluation unchanged
2019-03-01 17:07:46.464  INFO 10328 --- [Thread-73] o.s.s.concurrent.ThreadPoolTaskExecutor  : Shutting down ExecutorService 'applicationTaskExecutor'
2019-03-01 17:07:47.960  INFO 10328 --- [restartedMain] c.s.serviceEnv2.ServiceEnv2Application   : No active profile set, falling back to default profiles: default
2019-03-01 17:07:48.194  INFO 10328 --- [restartedMain] o.s.cloud.context.scope.GenericScope     : BeanFactory id=3546fac6-312a-3c52-a143-81dcc24e9e2f
2019-03-01 17:07:48.203  INFO 10328 --- [restartedMain] trationDelegate$BeanPostProcessorChecker : Bean 'org.springframework.cloud.autoconfigure.ConfigurationPropertiesRebinderAutoConfiguration' of type [org.springframework.cloud.autoconfigure.ConfigurationPropertiesRebinderAutoConfiguration$$EnhancerBySpringCGLIB$$aaa9993a] is not eligible for getting processed by all BeanPostProcessors (for example: not eligible for auto-proxying)
2019-03-01 17:07:48.273  INFO 10328 --- [restartedMain] o.s.b.w.embedded.tomcat.TomcatWebServer  : Tomcat initialized with port(s): 7076 (http)
2019-03-01 17:07:48.273  INFO 10328 --- [restartedMain] o.apache.catalina.core.StandardService   : Starting service [Tomcat]
2019-03-01 17:07:48.274  INFO 10328 --- [restartedMain] org.apache.catalina.core.StandardEngine  : Starting Servlet engine: [Apache Tomcat/9.0.16]
2019-03-01 17:07:48.283  INFO 10328 --- [restartedMain] o.a.c.c.C.[Tomcat].[localhost].[/]       : Initializing Spring embedded WebApplicationContext
2019-03-01 17:07:48.283  INFO 10328 --- [restartedMain] o.s.web.context.ContextLoader            : Root WebApplicationContext: initialization completed in 321 ms
2019-03-01 17:07:48.348  WARN 10328 --- [restartedMain] c.n.c.sources.URLConfigurationSource     : No URLs will be polled as dynamic configuration sources.
2019-03-01 17:07:48.348  INFO 10328 --- [restartedMain] c.n.c.sources.URLConfigurationSource     : To enable URLs as dynamic configuration sources, define System property archaius.configurationSource.additionalUrls or make config.properties available on classpath.
2019-03-01 17:07:48.382  INFO 10328 --- [restartedMain] o.s.s.concurrent.ThreadPoolTaskExecutor  : Initializing ExecutorService 'applicationTaskExecutor'
2019-03-01 17:07:48.425  INFO 10328 --- [restartedMain] o.s.b.d.a.OptionalLiveReloadServer       : LiveReload server is running on port 35729
2019-03-01 17:07:48.883  INFO 10328 --- [restartedMain] o.s.b.a.e.web.EndpointLinksResolver      : Exposing 2 endpoint(s) beneath base path '/actuator'
2019-03-01 17:07:48.908  INFO 10328 --- [restartedMain] o.s.b.w.embedded.tomcat.TomcatWebServer  : Tomcat started on port(s): 7076 (http) with context path ''
2019-03-01 17:07:48.909  INFO 10328 --- [restartedMain] c.s.serviceEnv2.ServiceEnv2Application   : Started ServiceEnv2Application in 1.921 seconds (JVM running for 5753.371)
2019-03-01 17:07:48.911  INFO 10328 --- [restartedMain] .ConditionEvaluationDeltaLoggingListener : Condition evaluation unchanged
2019-03-01 17:09:01.978  INFO 10328 --- [Thread-82] o.s.s.concurrent.ThreadPoolTaskExecutor  : Shutting down ExecutorService 'applicationTaskExecutor'
2019-03-01 17:09:03.486  INFO 10328 --- [restartedMain] c.s.serviceEnv2.ServiceEnv2Application   : No active profile set, falling back to default profiles: default
2019-03-01 17:09:03.725  INFO 10328 --- [restartedMain] o.s.cloud.context.scope.GenericScope     : BeanFactory id=3546fac6-312a-3c52-a143-81dcc24e9e2f
2019-03-01 17:09:03.734  INFO 10328 --- [restartedMain] trationDelegate$BeanPostProcessorChecker : Bean 'org.springframework.cloud.autoconfigure.ConfigurationPropertiesRebinderAutoConfiguration' of type [org.springframework.cloud.autoconfigure.ConfigurationPropertiesRebinderAutoConfiguration$$EnhancerBySpringCGLIB$$aaa9993a] is not eligible for getting processed by all BeanPostProcessors (for example: not eligible for auto-proxying)
2019-03-01 17:09:03.823  INFO 10328 --- [restartedMain] o.s.b.w.embedded.tomcat.TomcatWebServer  : Tomcat initialized with port(s): 7076 (http)
2019-03-01 17:09:03.824  INFO 10328 --- [restartedMain] o.apache.catalina.core.StandardService   : Starting service [Tomcat]
2019-03-01 17:09:03.824  INFO 10328 --- [restartedMain] org.apache.catalina.core.StandardEngine  : Starting Servlet engine: [Apache Tomcat/9.0.16]
2019-03-01 17:09:03.842  INFO 10328 --- [restartedMain] o.a.c.c.C.[Tomcat].[localhost].[/]       : Initializing Spring embedded WebApplicationContext
2019-03-01 17:09:03.842  INFO 10328 --- [restartedMain] o.s.web.context.ContextLoader            : Root WebApplicationContext: initialization completed in 354 ms
2019-03-01 17:09:03.916  WARN 10328 --- [restartedMain] c.n.c.sources.URLConfigurationSource     : No URLs will be polled as dynamic configuration sources.
2019-03-01 17:09:03.916  INFO 10328 --- [restartedMain] c.n.c.sources.URLConfigurationSource     : To enable URLs as dynamic configuration sources, define System property archaius.configurationSource.additionalUrls or make config.properties available on classpath.
2019-03-01 17:09:03.960  INFO 10328 --- [restartedMain] o.s.s.concurrent.ThreadPoolTaskExecutor  : Initializing ExecutorService 'applicationTaskExecutor'
2019-03-01 17:09:04.035  INFO 10328 --- [restartedMain] o.s.b.d.a.OptionalLiveReloadServer       : LiveReload server is running on port 35729
2019-03-01 17:09:04.496  INFO 10328 --- [restartedMain] o.s.b.a.e.web.EndpointLinksResolver      : Exposing 2 endpoint(s) beneath base path '/actuator'
2019-03-01 17:09:04.513  INFO 10328 --- [restartedMain] o.s.b.w.embedded.tomcat.TomcatWebServer  : Tomcat started on port(s): 7076 (http) with context path ''
2019-03-01 17:09:04.513  INFO 10328 --- [restartedMain] c.s.serviceEnv2.ServiceEnv2Application   : Started ServiceEnv2Application in 2.06 seconds (JVM running for 5828.976)
2019-03-01 17:09:04.515  INFO 10328 --- [restartedMain] .ConditionEvaluationDeltaLoggingListener : Condition evaluation unchanged
2019-03-01 17:09:06.124  INFO 17940 --- [restartedMain] c.s.serviceEnv2.ServiceEnv2Application   : No active profile set, falling back to default profiles: default
2019-03-01 17:09:06.845  INFO 17940 --- [restartedMain] o.s.cloud.context.scope.GenericScope     : BeanFactory id=3546fac6-312a-3c52-a143-81dcc24e9e2f
2019-03-01 17:09:06.904  INFO 17940 --- [restartedMain] trationDelegate$BeanPostProcessorChecker : Bean 'org.springframework.cloud.autoconfigure.ConfigurationPropertiesRebinderAutoConfiguration' of type [org.springframework.cloud.autoconfigure.ConfigurationPropertiesRebinderAutoConfiguration$$EnhancerBySpringCGLIB$$5fdcd6ba] is not eligible for getting processed by all BeanPostProcessors (for example: not eligible for auto-proxying)
2019-03-01 17:09:07.603  INFO 17940 --- [restartedMain] o.s.b.w.embedded.tomcat.TomcatWebServer  : Tomcat initialized with port(s): 7076 (http)
2019-03-01 17:09:07.624  INFO 17940 --- [restartedMain] o.apache.catalina.core.StandardService   : Starting service [Tomcat]
2019-03-01 17:09:07.624  INFO 17940 --- [restartedMain] org.apache.catalina.core.StandardEngine  : Starting Servlet engine: [Apache Tomcat/9.0.16]
2019-03-01 17:09:07.632  INFO 17940 --- [restartedMain] o.a.catalina.core.AprLifecycleListener   : The APR based Apache Tomcat Native library which allows optimal performance in production environments was not found on the java.library.path: [C:\Program Files\Java\jdk1.8.0_201\jre\bin;C:\WINDOWS\Sun\Java\bin;C:\WINDOWS\system32;C:\WINDOWS;C:\Program Files (x86)\Common Files\Oracle\Java\javapath;C:\Program Files (x86)\Intel\Intel(R) Management Engine Components\iCLS\;C:\Program Files\Intel\Intel(R) Management Engine Components\iCLS\;C:\WINDOWS\system32;C:\WINDOWS;C:\WINDOWS\System32\Wbem;C:\WINDOWS\System32\WindowsPowerShell\v1.0\;C:\Program Files (x86)\Kaspersky Lab\Kaspersky Endpoint Security 10 for Windows SP2\;C:\WINDOWS\System32\OpenSSH\;C:\Program Files\PuTTY\;C:\Program Files\nodejs\;C:\Program Files\Java\jdk1.8.0_201;C:\Program Files\Git\cmd;C:\Program Files\Git\mingw64\bin;C:\Program Files\Git\usr\bin;D:\vault;C:\apache-maven-3.6.0\bin;D:\istio\bin;C:\ProgramData\chocolatey\bin;C:\Program Files\Intel\WiFi\bin\;C:\Program Files\Common Files\Intel\WirelessCommon\;C:\Users\mafeki\AppData\Local\Microsoft\WindowsApps;C:\Users\mafeki\AppData\Local\Programs\Microsoft VS Code\bin;C:\Users\mafeki\AppData\Roaming\npm;C:\apache-maven-3.6.0\bin;C:\Program Files\Intel\WiFi\bin\;C:\Program Files\Common Files\Intel\WirelessCommon\;.]
2019-03-01 17:09:07.707  INFO 17940 --- [restartedMain] o.a.c.c.C.[Tomcat].[localhost].[/]       : Initializing Spring embedded WebApplicationContext
2019-03-01 17:09:07.707  INFO 17940 --- [restartedMain] o.s.web.context.ContextLoader            : Root WebApplicationContext: initialization completed in 1572 ms
2019-03-01 17:09:07.783  WARN 17940 --- [restartedMain] c.n.c.sources.URLConfigurationSource     : No URLs will be polled as dynamic configuration sources.
2019-03-01 17:09:07.784  INFO 17940 --- [restartedMain] c.n.c.sources.URLConfigurationSource     : To enable URLs as dynamic configuration sources, define System property archaius.configurationSource.additionalUrls or make config.properties available on classpath.
2019-03-01 17:09:07.794  INFO 17940 --- [restartedMain] c.netflix.config.DynamicPropertyFactory  : DynamicPropertyFactory is initialized with configuration sources: com.netflix.config.ConcurrentCompositeConfiguration@625699e2
2019-03-01 17:09:07.996  WARN 17940 --- [restartedMain] c.n.c.sources.URLConfigurationSource     : No URLs will be polled as dynamic configuration sources.
2019-03-01 17:09:07.996  INFO 17940 --- [restartedMain] c.n.c.sources.URLConfigurationSource     : To enable URLs as dynamic configuration sources, define System property archaius.configurationSource.additionalUrls or make config.properties available on classpath.
2019-03-01 17:09:08.112  INFO 17940 --- [restartedMain] o.s.s.concurrent.ThreadPoolTaskExecutor  : Initializing ExecutorService 'applicationTaskExecutor'
2019-03-01 17:09:08.335  WARN 17940 --- [restartedMain] o.s.b.d.a.OptionalLiveReloadServer       : Unable to start LiveReload server
2019-03-01 17:09:08.774  INFO 17940 --- [restartedMain] o.s.b.a.e.web.EndpointLinksResolver      : Exposing 2 endpoint(s) beneath base path '/actuator'
2019-03-01 17:09:08.843 ERROR 17940 --- [restartedMain] org.apache.catalina.util.LifecycleBase   : Failed to start component [Connector[HTTP/1.1-7076]]

org.apache.catalina.LifecycleException: Protocol handler start failed
	at org.apache.catalina.connector.Connector.startInternal(Connector.java:1008) ~[tomcat-embed-core-9.0.16.jar:9.0.16]
	at org.apache.catalina.util.LifecycleBase.start(LifecycleBase.java:183) ~[tomcat-embed-core-9.0.16.jar:9.0.16]
	at org.apache.catalina.core.StandardService.addConnector(StandardService.java:226) [tomcat-embed-core-9.0.16.jar:9.0.16]
	at org.springframework.boot.web.embedded.tomcat.TomcatWebServer.addPreviouslyRemovedConnectors(TomcatWebServer.java:259) [spring-boot-2.1.3.RELEASE.jar:2.1.3.RELEASE]
	at org.springframework.boot.web.embedded.tomcat.TomcatWebServer.start(TomcatWebServer.java:197) [spring-boot-2.1.3.RELEASE.jar:2.1.3.RELEASE]
	at org.springframework.boot.web.servlet.context.ServletWebServerApplicationContext.startWebServer(ServletWebServerApplicationContext.java:311) [spring-boot-2.1.3.RELEASE.jar:2.1.3.RELEASE]
	at org.springframework.boot.web.servlet.context.ServletWebServerApplicationContext.finishRefresh(ServletWebServerApplicationContext.java:164) [spring-boot-2.1.3.RELEASE.jar:2.1.3.RELEASE]
	at org.springframework.context.support.AbstractApplicationContext.refresh(AbstractApplicationContext.java:552) [spring-context-5.1.5.RELEASE.jar:5.1.5.RELEASE]
	at org.springframework.boot.web.servlet.context.ServletWebServerApplicationContext.refresh(ServletWebServerApplicationContext.java:142) [spring-boot-2.1.3.RELEASE.jar:2.1.3.RELEASE]
	at org.springframework.boot.SpringApplication.refresh(SpringApplication.java:775) [spring-boot-2.1.3.RELEASE.jar:2.1.3.RELEASE]
	at org.springframework.boot.SpringApplication.refreshContext(SpringApplication.java:397) [spring-boot-2.1.3.RELEASE.jar:2.1.3.RELEASE]
	at org.springframework.boot.SpringApplication.run(SpringApplication.java:316) [spring-boot-2.1.3.RELEASE.jar:2.1.3.RELEASE]
	at org.springframework.boot.SpringApplication.run(SpringApplication.java:1260) [spring-boot-2.1.3.RELEASE.jar:2.1.3.RELEASE]
	at org.springframework.boot.SpringApplication.run(SpringApplication.java:1248) [spring-boot-2.1.3.RELEASE.jar:2.1.3.RELEASE]
	at com.service2.serviceEnv2.ServiceEnv2Application.main(ServiceEnv2Application.java:10) [classes/:na]
	at sun.reflect.NativeMethodAccessorImpl.invoke0(Native Method) ~[na:1.8.0_201]
	at sun.reflect.NativeMethodAccessorImpl.invoke(NativeMethodAccessorImpl.java:62) ~[na:1.8.0_201]
	at sun.reflect.DelegatingMethodAccessorImpl.invoke(DelegatingMethodAccessorImpl.java:43) ~[na:1.8.0_201]
	at java.lang.reflect.Method.invoke(Method.java:498) ~[na:1.8.0_201]
	at org.springframework.boot.devtools.restart.RestartLauncher.run(RestartLauncher.java:49) [spring-boot-devtools-2.1.3.RELEASE.jar:2.1.3.RELEASE]
Caused by: java.net.BindException: Address already in use: bind
	at sun.nio.ch.Net.bind0(Native Method) ~[na:1.8.0_201]
	at sun.nio.ch.Net.bind(Net.java:433) ~[na:1.8.0_201]
	at sun.nio.ch.Net.bind(Net.java:425) ~[na:1.8.0_201]
	at sun.nio.ch.ServerSocketChannelImpl.bind(ServerSocketChannelImpl.java:223) ~[na:1.8.0_201]
	at sun.nio.ch.ServerSocketAdaptor.bind(ServerSocketAdaptor.java:74) ~[na:1.8.0_201]
	at org.apache.tomcat.util.net.NioEndpoint.initServerSocket(NioEndpoint.java:236) ~[tomcat-embed-core-9.0.16.jar:9.0.16]
	at org.apache.tomcat.util.net.NioEndpoint.bind(NioEndpoint.java:210) ~[tomcat-embed-core-9.0.16.jar:9.0.16]
	at org.apache.tomcat.util.net.AbstractEndpoint.bindWithCleanup(AbstractEndpoint.java:1085) ~[tomcat-embed-core-9.0.16.jar:9.0.16]
	at org.apache.tomcat.util.net.AbstractEndpoint.start(AbstractEndpoint.java:1171) ~[tomcat-embed-core-9.0.16.jar:9.0.16]
	at org.apache.coyote.AbstractProtocol.start(AbstractProtocol.java:568) ~[tomcat-embed-core-9.0.16.jar:9.0.16]
	at org.apache.catalina.connector.Connector.startInternal(Connector.java:1005) ~[tomcat-embed-core-9.0.16.jar:9.0.16]
	... 19 common frames omitted

2019-03-01 17:09:08.847  INFO 17940 --- [restartedMain] o.apache.catalina.core.StandardService   : Stopping service [Tomcat]
2019-03-01 17:09:08.852  INFO 17940 --- [restartedMain] ConditionEvaluationReportLoggingListener : 

Error starting ApplicationContext. To display the conditions report re-run your application with 'debug' enabled.
2019-03-01 17:09:08.855  INFO 17940 --- [restartedMain] o.s.s.concurrent.ThreadPoolTaskExecutor  : Shutting down ExecutorService 'applicationTaskExecutor'
2019-03-01 17:09:08.858 ERROR 17940 --- [restartedMain] o.s.b.d.LoggingFailureAnalysisReporter   : 

***************************
APPLICATION FAILED TO START
***************************

Description:

The Tomcat connector configured to listen on port 7076 failed to start. The port may already be in use or the connector may be misconfigured.

Action:

Verify the connector's configuration, identify and stop any process that's listening on port 7076, or configure this application to listen on another port.

2019-03-01 17:09:10.851  INFO 10328 --- [Thread-91] o.s.s.concurrent.ThreadPoolTaskExecutor  : Shutting down ExecutorService 'applicationTaskExecutor'
2019-03-01 17:09:12.105  INFO 10328 --- [restartedMain] c.s.serviceEnv2.ServiceEnv2Application   : No active profile set, falling back to default profiles: default
2019-03-01 17:09:12.291  INFO 10328 --- [restartedMain] o.s.cloud.context.scope.GenericScope     : BeanFactory id=3546fac6-312a-3c52-a143-81dcc24e9e2f
2019-03-01 17:09:12.301  INFO 10328 --- [restartedMain] trationDelegate$BeanPostProcessorChecker : Bean 'org.springframework.cloud.autoconfigure.ConfigurationPropertiesRebinderAutoConfiguration' of type [org.springframework.cloud.autoconfigure.ConfigurationPropertiesRebinderAutoConfiguration$$EnhancerBySpringCGLIB$$aaa9993a] is not eligible for getting processed by all BeanPostProcessors (for example: not eligible for auto-proxying)
2019-03-01 17:09:12.366  INFO 10328 --- [restartedMain] o.s.b.w.embedded.tomcat.TomcatWebServer  : Tomcat initialized with port(s): 7076 (http)
2019-03-01 17:09:12.367  INFO 10328 --- [restartedMain] o.apache.catalina.core.StandardService   : Starting service [Tomcat]
2019-03-01 17:09:12.367  INFO 10328 --- [restartedMain] org.apache.catalina.core.StandardEngine  : Starting Servlet engine: [Apache Tomcat/9.0.16]
2019-03-01 17:09:12.381  INFO 10328 --- [restartedMain] o.a.c.c.C.[Tomcat].[localhost].[/]       : Initializing Spring embedded WebApplicationContext
2019-03-01 17:09:12.381  INFO 10328 --- [restartedMain] o.s.web.context.ContextLoader            : Root WebApplicationContext: initialization completed in 275 ms
2019-03-01 17:09:12.441  WARN 10328 --- [restartedMain] c.n.c.sources.URLConfigurationSource     : No URLs will be polled as dynamic configuration sources.
2019-03-01 17:09:12.441  INFO 10328 --- [restartedMain] c.n.c.sources.URLConfigurationSource     : To enable URLs as dynamic configuration sources, define System property archaius.configurationSource.additionalUrls or make config.properties available on classpath.
2019-03-01 17:09:12.464  INFO 10328 --- [restartedMain] o.s.s.concurrent.ThreadPoolTaskExecutor  : Initializing ExecutorService 'applicationTaskExecutor'
2019-03-01 17:09:12.503  INFO 10328 --- [restartedMain] o.s.b.d.a.OptionalLiveReloadServer       : LiveReload server is running on port 35729
2019-03-01 17:09:12.914  INFO 10328 --- [restartedMain] o.s.b.a.e.web.EndpointLinksResolver      : Exposing 2 endpoint(s) beneath base path '/actuator'
2019-03-01 17:09:12.933  INFO 10328 --- [restartedMain] o.s.b.w.embedded.tomcat.TomcatWebServer  : Tomcat started on port(s): 7076 (http) with context path ''
2019-03-01 17:09:12.934  INFO 10328 --- [restartedMain] c.s.serviceEnv2.ServiceEnv2Application   : Started ServiceEnv2Application in 1.675 seconds (JVM running for 5837.396)
2019-03-01 17:09:12.935  INFO 10328 --- [restartedMain] .ConditionEvaluationDeltaLoggingListener : Condition evaluation unchanged
2019-03-01 17:09:37.648  INFO 6436 --- [restartedMain] c.s.serviceEnv2.ServiceEnv2Application   : No active profile set, falling back to default profiles: default
2019-03-01 17:09:38.373  INFO 6436 --- [restartedMain] o.s.cloud.context.scope.GenericScope     : BeanFactory id=3546fac6-312a-3c52-a143-81dcc24e9e2f
2019-03-01 17:09:38.435  INFO 6436 --- [restartedMain] trationDelegate$BeanPostProcessorChecker : Bean 'org.springframework.cloud.autoconfigure.ConfigurationPropertiesRebinderAutoConfiguration' of type [org.springframework.cloud.autoconfigure.ConfigurationPropertiesRebinderAutoConfiguration$$EnhancerBySpringCGLIB$$6f9bc1ad] is not eligible for getting processed by all BeanPostProcessors (for example: not eligible for auto-proxying)
2019-03-01 17:09:39.110  INFO 6436 --- [restartedMain] o.s.b.w.embedded.tomcat.TomcatWebServer  : Tomcat initialized with port(s): 7076 (http)
2019-03-01 17:09:39.129  INFO 6436 --- [restartedMain] o.apache.catalina.core.StandardService   : Starting service [Tomcat]
2019-03-01 17:09:39.129  INFO 6436 --- [restartedMain] org.apache.catalina.core.StandardEngine  : Starting Servlet engine: [Apache Tomcat/9.0.16]
2019-03-01 17:09:39.137  INFO 6436 --- [restartedMain] o.a.catalina.core.AprLifecycleListener   : The APR based Apache Tomcat Native library which allows optimal performance in production environments was not found on the java.library.path: [C:\Program Files\Java\jdk1.8.0_201\jre\bin;C:\WINDOWS\Sun\Java\bin;C:\WINDOWS\system32;C:\WINDOWS;C:\Program Files (x86)\Common Files\Oracle\Java\javapath;C:\Program Files (x86)\Intel\Intel(R) Management Engine Components\iCLS\;C:\Program Files\Intel\Intel(R) Management Engine Components\iCLS\;C:\WINDOWS\system32;C:\WINDOWS;C:\WINDOWS\System32\Wbem;C:\WINDOWS\System32\WindowsPowerShell\v1.0\;C:\Program Files (x86)\Kaspersky Lab\Kaspersky Endpoint Security 10 for Windows SP2\;C:\WINDOWS\System32\OpenSSH\;C:\Program Files\PuTTY\;C:\Program Files\nodejs\;C:\Program Files\Java\jdk1.8.0_201;C:\Program Files\Git\cmd;C:\Program Files\Git\mingw64\bin;C:\Program Files\Git\usr\bin;D:\vault;C:\apache-maven-3.6.0\bin;D:\istio\bin;C:\ProgramData\chocolatey\bin;C:\Program Files\Intel\WiFi\bin\;C:\Program Files\Common Files\Intel\WirelessCommon\;C:\Users\mafeki\AppData\Local\Microsoft\WindowsApps;C:\Users\mafeki\AppData\Local\Programs\Microsoft VS Code\bin;C:\Users\mafeki\AppData\Roaming\npm;C:\apache-maven-3.6.0\bin;C:\Program Files\Intel\WiFi\bin\;C:\Program Files\Common Files\Intel\WirelessCommon\;.]
2019-03-01 17:09:39.213  INFO 6436 --- [restartedMain] o.a.c.c.C.[Tomcat].[localhost].[/]       : Initializing Spring embedded WebApplicationContext
2019-03-01 17:09:39.213  INFO 6436 --- [restartedMain] o.s.web.context.ContextLoader            : Root WebApplicationContext: initialization completed in 1555 ms
2019-03-01 17:09:39.287  WARN 6436 --- [restartedMain] c.n.c.sources.URLConfigurationSource     : No URLs will be polled as dynamic configuration sources.
2019-03-01 17:09:39.287  INFO 6436 --- [restartedMain] c.n.c.sources.URLConfigurationSource     : To enable URLs as dynamic configuration sources, define System property archaius.configurationSource.additionalUrls or make config.properties available on classpath.
2019-03-01 17:09:39.299  INFO 6436 --- [restartedMain] c.netflix.config.DynamicPropertyFactory  : DynamicPropertyFactory is initialized with configuration sources: com.netflix.config.ConcurrentCompositeConfiguration@282fd57d
2019-03-01 17:09:39.499  WARN 6436 --- [restartedMain] c.n.c.sources.URLConfigurationSource     : No URLs will be polled as dynamic configuration sources.
2019-03-01 17:09:39.500  INFO 6436 --- [restartedMain] c.n.c.sources.URLConfigurationSource     : To enable URLs as dynamic configuration sources, define System property archaius.configurationSource.additionalUrls or make config.properties available on classpath.
2019-03-01 17:09:39.612  INFO 6436 --- [restartedMain] o.s.s.concurrent.ThreadPoolTaskExecutor  : Initializing ExecutorService 'applicationTaskExecutor'
2019-03-01 17:09:39.820  INFO 6436 --- [restartedMain] o.s.b.d.a.OptionalLiveReloadServer       : LiveReload server is running on port 35729
2019-03-01 17:09:40.263  INFO 6436 --- [restartedMain] o.s.b.a.e.web.EndpointLinksResolver      : Exposing 2 endpoint(s) beneath base path '/actuator'
2019-03-01 17:09:40.336  INFO 6436 --- [restartedMain] o.s.b.w.embedded.tomcat.TomcatWebServer  : Tomcat started on port(s): 7076 (http) with context path ''
2019-03-01 17:09:40.337  INFO 6436 --- [restartedMain] c.s.serviceEnv2.ServiceEnv2Application   : Started ServiceEnv2Application in 4.135 seconds (JVM running for 4.497)
2019-03-01 17:09:45.229  INFO 6436 --- [Thread-8] o.s.s.concurrent.ThreadPoolTaskExecutor  : Shutting down ExecutorService 'applicationTaskExecutor'
2019-03-01 17:09:46.826  INFO 6436 --- [restartedMain] c.s.serviceEnv2.ServiceEnv2Application   : No active profile set, falling back to default profiles: default
2019-03-01 17:09:47.205  INFO 6436 --- [restartedMain] o.s.cloud.context.scope.GenericScope     : BeanFactory id=3546fac6-312a-3c52-a143-81dcc24e9e2f
2019-03-01 17:09:47.218  INFO 6436 --- [restartedMain] trationDelegate$BeanPostProcessorChecker : Bean 'org.springframework.cloud.autoconfigure.ConfigurationPropertiesRebinderAutoConfiguration' of type [org.springframework.cloud.autoconfigure.ConfigurationPropertiesRebinderAutoConfiguration$$EnhancerBySpringCGLIB$$6f9bc1ad] is not eligible for getting processed by all BeanPostProcessors (for example: not eligible for auto-proxying)
2019-03-01 17:09:47.307  INFO 6436 --- [restartedMain] o.s.b.w.embedded.tomcat.TomcatWebServer  : Tomcat initialized with port(s): 7076 (http)
2019-03-01 17:09:47.309  INFO 6436 --- [restartedMain] o.apache.catalina.core.StandardService   : Starting service [Tomcat]
2019-03-01 17:09:47.310  INFO 6436 --- [restartedMain] org.apache.catalina.core.StandardEngine  : Starting Servlet engine: [Apache Tomcat/9.0.16]
2019-03-01 17:09:47.339  INFO 6436 --- [restartedMain] o.a.c.c.C.[Tomcat].[localhost].[/]       : Initializing Spring embedded WebApplicationContext
2019-03-01 17:09:47.339  INFO 6436 --- [restartedMain] o.s.web.context.ContextLoader            : Root WebApplicationContext: initialization completed in 511 ms
2019-03-01 17:09:47.451  WARN 6436 --- [restartedMain] c.n.c.sources.URLConfigurationSource     : No URLs will be polled as dynamic configuration sources.
2019-03-01 17:09:47.451  INFO 6436 --- [restartedMain] c.n.c.sources.URLConfigurationSource     : To enable URLs as dynamic configuration sources, define System property archaius.configurationSource.additionalUrls or make config.properties available on classpath.
2019-03-01 17:09:47.491  INFO 6436 --- [restartedMain] o.s.s.concurrent.ThreadPoolTaskExecutor  : Initializing ExecutorService 'applicationTaskExecutor'
2019-03-01 17:09:47.588  INFO 6436 --- [restartedMain] o.s.b.d.a.OptionalLiveReloadServer       : LiveReload server is running on port 35729
2019-03-01 17:09:48.276  INFO 6436 --- [restartedMain] o.s.b.a.e.web.EndpointLinksResolver      : Exposing 2 endpoint(s) beneath base path '/actuator'
2019-03-01 17:09:48.322  INFO 6436 --- [restartedMain] o.s.b.w.embedded.tomcat.TomcatWebServer  : Tomcat started on port(s): 7076 (http) with context path ''
2019-03-01 17:09:48.322  INFO 6436 --- [restartedMain] c.s.serviceEnv2.ServiceEnv2Application   : Started ServiceEnv2Application in 2.67 seconds (JVM running for 12.482)
2019-03-01 17:09:48.327  INFO 6436 --- [restartedMain] .ConditionEvaluationDeltaLoggingListener : Condition evaluation unchanged
2019-03-01 17:11:42.252  INFO 6436 --- [Thread-13] o.s.s.concurrent.ThreadPoolTaskExecutor  : Shutting down ExecutorService 'applicationTaskExecutor'
2019-03-01 17:11:43.739  INFO 6436 --- [restartedMain] c.s.serviceEnv2.ServiceEnv2Application   : No active profile set, falling back to default profiles: default
2019-03-01 17:11:44.034  INFO 6436 --- [restartedMain] o.s.cloud.context.scope.GenericScope     : BeanFactory id=3546fac6-312a-3c52-a143-81dcc24e9e2f
2019-03-01 17:11:44.045  INFO 6436 --- [restartedMain] trationDelegate$BeanPostProcessorChecker : Bean 'org.springframework.cloud.autoconfigure.ConfigurationPropertiesRebinderAutoConfiguration' of type [org.springframework.cloud.autoconfigure.ConfigurationPropertiesRebinderAutoConfiguration$$EnhancerBySpringCGLIB$$6f9bc1ad] is not eligible for getting processed by all BeanPostProcessors (for example: not eligible for auto-proxying)
2019-03-01 17:11:44.121  INFO 6436 --- [restartedMain] o.s.b.w.embedded.tomcat.TomcatWebServer  : Tomcat initialized with port(s): 7076 (http)
2019-03-01 17:11:44.123  INFO 6436 --- [restartedMain] o.apache.catalina.core.StandardService   : Starting service [Tomcat]
2019-03-01 17:11:44.123  INFO 6436 --- [restartedMain] org.apache.catalina.core.StandardEngine  : Starting Servlet engine: [Apache Tomcat/9.0.16]
2019-03-01 17:11:44.135  INFO 6436 --- [restartedMain] o.a.c.c.C.[Tomcat].[localhost].[/]       : Initializing Spring embedded WebApplicationContext
2019-03-01 17:11:44.135  INFO 6436 --- [restartedMain] o.s.web.context.ContextLoader            : Root WebApplicationContext: initialization completed in 394 ms
2019-03-01 17:11:44.246  WARN 6436 --- [restartedMain] c.n.c.sources.URLConfigurationSource     : No URLs will be polled as dynamic configuration sources.
2019-03-01 17:11:44.246  INFO 6436 --- [restartedMain] c.n.c.sources.URLConfigurationSource     : To enable URLs as dynamic configuration sources, define System property archaius.configurationSource.additionalUrls or make config.properties available on classpath.
2019-03-01 17:11:44.303  INFO 6436 --- [restartedMain] o.s.s.concurrent.ThreadPoolTaskExecutor  : Initializing ExecutorService 'applicationTaskExecutor'
2019-03-01 17:11:44.374  INFO 6436 --- [restartedMain] o.s.b.d.a.OptionalLiveReloadServer       : LiveReload server is running on port 35729
2019-03-01 17:11:44.851  INFO 6436 --- [restartedMain] o.s.b.a.e.web.EndpointLinksResolver      : Exposing 2 endpoint(s) beneath base path '/actuator'
2019-03-01 17:11:44.890  INFO 6436 --- [restartedMain] o.s.b.w.embedded.tomcat.TomcatWebServer  : Tomcat started on port(s): 7076 (http) with context path ''
2019-03-01 17:11:44.890  INFO 6436 --- [restartedMain] c.s.serviceEnv2.ServiceEnv2Application   : Started ServiceEnv2Application in 2.146 seconds (JVM running for 129.05)
2019-03-01 17:11:44.893  INFO 6436 --- [restartedMain] .ConditionEvaluationDeltaLoggingListener : Condition evaluation unchanged
2019-03-01 17:12:38.904  INFO 6436 --- [Thread-22] o.s.s.concurrent.ThreadPoolTaskExecutor  : Shutting down ExecutorService 'applicationTaskExecutor'
2019-03-01 17:12:40.201  INFO 6436 --- [restartedMain] c.s.serviceEnv2.ServiceEnv2Application   : No active profile set, falling back to default profiles: default
2019-03-01 17:12:40.406  INFO 6436 --- [restartedMain] o.s.cloud.context.scope.GenericScope     : BeanFactory id=3546fac6-312a-3c52-a143-81dcc24e9e2f
2019-03-01 17:12:40.415  INFO 6436 --- [restartedMain] trationDelegate$BeanPostProcessorChecker : Bean 'org.springframework.cloud.autoconfigure.ConfigurationPropertiesRebinderAutoConfiguration' of type [org.springframework.cloud.autoconfigure.ConfigurationPropertiesRebinderAutoConfiguration$$EnhancerBySpringCGLIB$$6f9bc1ad] is not eligible for getting processed by all BeanPostProcessors (for example: not eligible for auto-proxying)
2019-03-01 17:12:40.481  INFO 6436 --- [restartedMain] o.s.b.w.embedded.tomcat.TomcatWebServer  : Tomcat initialized with port(s): 7076 (http)
2019-03-01 17:12:40.482  INFO 6436 --- [restartedMain] o.apache.catalina.core.StandardService   : Starting service [Tomcat]
2019-03-01 17:12:40.482  INFO 6436 --- [restartedMain] org.apache.catalina.core.StandardEngine  : Starting Servlet engine: [Apache Tomcat/9.0.16]
2019-03-01 17:12:40.490  INFO 6436 --- [restartedMain] o.a.c.c.C.[Tomcat].[localhost].[/]       : Initializing Spring embedded WebApplicationContext
2019-03-01 17:12:40.491  INFO 6436 --- [restartedMain] o.s.web.context.ContextLoader            : Root WebApplicationContext: initialization completed in 289 ms
2019-03-01 17:12:40.547  WARN 6436 --- [restartedMain] c.n.c.sources.URLConfigurationSource     : No URLs will be polled as dynamic configuration sources.
2019-03-01 17:12:40.547  INFO 6436 --- [restartedMain] c.n.c.sources.URLConfigurationSource     : To enable URLs as dynamic configuration sources, define System property archaius.configurationSource.additionalUrls or make config.properties available on classpath.
2019-03-01 17:12:40.573  INFO 6436 --- [restartedMain] o.s.s.concurrent.ThreadPoolTaskExecutor  : Initializing ExecutorService 'applicationTaskExecutor'
2019-03-01 17:12:40.623  INFO 6436 --- [restartedMain] o.s.b.d.a.OptionalLiveReloadServer       : LiveReload server is running on port 35729
2019-03-01 17:12:41.058  INFO 6436 --- [restartedMain] o.s.b.a.e.web.EndpointLinksResolver      : Exposing 2 endpoint(s) beneath base path '/actuator'
2019-03-01 17:12:41.082  INFO 6436 --- [restartedMain] o.s.b.w.embedded.tomcat.TomcatWebServer  : Tomcat started on port(s): 7076 (http) with context path ''
2019-03-01 17:12:41.082  INFO 6436 --- [restartedMain] c.s.serviceEnv2.ServiceEnv2Application   : Started ServiceEnv2Application in 1.77 seconds (JVM running for 185.242)
2019-03-01 17:12:41.085  INFO 6436 --- [restartedMain] .ConditionEvaluationDeltaLoggingListener : Condition evaluation unchanged
2019-03-01 17:12:51.050  INFO 6436 --- [Thread-31] o.s.s.concurrent.ThreadPoolTaskExecutor  : Shutting down ExecutorService 'applicationTaskExecutor'
2019-03-01 17:12:52.550  INFO 6436 --- [restartedMain] c.s.serviceEnv2.ServiceEnv2Application   : No active profile set, falling back to default profiles: default
2019-03-01 17:12:52.763  INFO 6436 --- [restartedMain] o.s.cloud.context.scope.GenericScope     : BeanFactory id=3546fac6-312a-3c52-a143-81dcc24e9e2f
2019-03-01 17:12:52.772  INFO 6436 --- [restartedMain] trationDelegate$BeanPostProcessorChecker : Bean 'org.springframework.cloud.autoconfigure.ConfigurationPropertiesRebinderAutoConfiguration' of type [org.springframework.cloud.autoconfigure.ConfigurationPropertiesRebinderAutoConfiguration$$EnhancerBySpringCGLIB$$6f9bc1ad] is not eligible for getting processed by all BeanPostProcessors (for example: not eligible for auto-proxying)
2019-03-01 17:12:52.844  INFO 6436 --- [restartedMain] o.s.b.w.embedded.tomcat.TomcatWebServer  : Tomcat initialized with port(s): 7076 (http)
2019-03-01 17:12:52.845  INFO 6436 --- [restartedMain] o.apache.catalina.core.StandardService   : Starting service [Tomcat]
2019-03-01 17:12:52.845  INFO 6436 --- [restartedMain] org.apache.catalina.core.StandardEngine  : Starting Servlet engine: [Apache Tomcat/9.0.16]
2019-03-01 17:12:52.857  INFO 6436 --- [restartedMain] o.a.c.c.C.[Tomcat].[localhost].[/]       : Initializing Spring embedded WebApplicationContext
2019-03-01 17:12:52.857  INFO 6436 --- [restartedMain] o.s.web.context.ContextLoader            : Root WebApplicationContext: initialization completed in 306 ms
2019-03-01 17:12:52.945  WARN 6436 --- [restartedMain] c.n.c.sources.URLConfigurationSource     : No URLs will be polled as dynamic configuration sources.
2019-03-01 17:12:52.945  INFO 6436 --- [restartedMain] c.n.c.sources.URLConfigurationSource     : To enable URLs as dynamic configuration sources, define System property archaius.configurationSource.additionalUrls or make config.properties available on classpath.
2019-03-01 17:12:52.987  INFO 6436 --- [restartedMain] o.s.s.concurrent.ThreadPoolTaskExecutor  : Initializing ExecutorService 'applicationTaskExecutor'
2019-03-01 17:12:53.048  INFO 6436 --- [restartedMain] o.s.b.d.a.OptionalLiveReloadServer       : LiveReload server is running on port 35729
2019-03-01 17:12:53.594  INFO 6436 --- [restartedMain] o.s.b.a.e.web.EndpointLinksResolver      : Exposing 2 endpoint(s) beneath base path '/actuator'
2019-03-01 17:12:53.625  INFO 6436 --- [restartedMain] o.s.b.w.embedded.tomcat.TomcatWebServer  : Tomcat started on port(s): 7076 (http) with context path ''
2019-03-01 17:12:53.626  INFO 6436 --- [restartedMain] c.s.serviceEnv2.ServiceEnv2Application   : Started ServiceEnv2Application in 2.104 seconds (JVM running for 197.786)
2019-03-01 17:12:53.629  INFO 6436 --- [restartedMain] .ConditionEvaluationDeltaLoggingListener : Condition evaluation unchanged
2019-03-01 17:14:47.711  INFO 6436 --- [Thread-40] o.s.s.concurrent.ThreadPoolTaskExecutor  : Shutting down ExecutorService 'applicationTaskExecutor'
2019-03-01 17:14:48.916  INFO 6436 --- [restartedMain] c.s.serviceEnv2.ServiceEnv2Application   : No active profile set, falling back to default profiles: default
2019-03-01 17:14:49.113  INFO 6436 --- [restartedMain] o.s.cloud.context.scope.GenericScope     : BeanFactory id=3546fac6-312a-3c52-a143-81dcc24e9e2f
2019-03-01 17:14:49.123  INFO 6436 --- [restartedMain] trationDelegate$BeanPostProcessorChecker : Bean 'org.springframework.cloud.autoconfigure.ConfigurationPropertiesRebinderAutoConfiguration' of type [org.springframework.cloud.autoconfigure.ConfigurationPropertiesRebinderAutoConfiguration$$EnhancerBySpringCGLIB$$6f9bc1ad] is not eligible for getting processed by all BeanPostProcessors (for example: not eligible for auto-proxying)
2019-03-01 17:14:49.214  INFO 6436 --- [restartedMain] o.s.b.w.embedded.tomcat.TomcatWebServer  : Tomcat initialized with port(s): 7076 (http)
2019-03-01 17:14:49.215  INFO 6436 --- [restartedMain] o.apache.catalina.core.StandardService   : Starting service [Tomcat]
2019-03-01 17:14:49.215  INFO 6436 --- [restartedMain] org.apache.catalina.core.StandardEngine  : Starting Servlet engine: [Apache Tomcat/9.0.16]
2019-03-01 17:14:49.229  INFO 6436 --- [restartedMain] o.a.c.c.C.[Tomcat].[localhost].[/]       : Initializing Spring embedded WebApplicationContext
2019-03-01 17:14:49.229  INFO 6436 --- [restartedMain] o.s.web.context.ContextLoader            : Root WebApplicationContext: initialization completed in 312 ms
2019-03-01 17:14:49.301  WARN 6436 --- [restartedMain] c.n.c.sources.URLConfigurationSource     : No URLs will be polled as dynamic configuration sources.
2019-03-01 17:14:49.302  INFO 6436 --- [restartedMain] c.n.c.sources.URLConfigurationSource     : To enable URLs as dynamic configuration sources, define System property archaius.configurationSource.additionalUrls or make config.properties available on classpath.
2019-03-01 17:14:49.332  INFO 6436 --- [restartedMain] o.s.s.concurrent.ThreadPoolTaskExecutor  : Initializing ExecutorService 'applicationTaskExecutor'
2019-03-01 17:14:49.375  INFO 6436 --- [restartedMain] o.s.b.d.a.OptionalLiveReloadServer       : LiveReload server is running on port 35729
2019-03-01 17:14:49.837  INFO 6436 --- [restartedMain] o.s.b.a.e.web.EndpointLinksResolver      : Exposing 2 endpoint(s) beneath base path '/actuator'
2019-03-01 17:14:49.860  INFO 6436 --- [restartedMain] o.s.b.w.embedded.tomcat.TomcatWebServer  : Tomcat started on port(s): 7076 (http) with context path ''
2019-03-01 17:14:49.860  INFO 6436 --- [restartedMain] c.s.serviceEnv2.ServiceEnv2Application   : Started ServiceEnv2Application in 1.803 seconds (JVM running for 314.02)
2019-03-01 17:14:49.862  INFO 6436 --- [restartedMain] .ConditionEvaluationDeltaLoggingListener : Condition evaluation unchanged
2019-03-01 17:18:06.216  INFO 6436 --- [Thread-49] o.s.s.concurrent.ThreadPoolTaskExecutor  : Shutting down ExecutorService 'applicationTaskExecutor'
2019-03-01 17:18:07.761  INFO 6436 --- [restartedMain] c.s.serviceEnv2.ServiceEnv2Application   : No active profile set, falling back to default profiles: default
2019-03-01 17:18:07.969  INFO 6436 --- [restartedMain] o.s.cloud.context.scope.GenericScope     : BeanFactory id=3546fac6-312a-3c52-a143-81dcc24e9e2f
2019-03-01 17:18:07.981  INFO 6436 --- [restartedMain] trationDelegate$BeanPostProcessorChecker : Bean 'org.springframework.cloud.autoconfigure.ConfigurationPropertiesRebinderAutoConfiguration' of type [org.springframework.cloud.autoconfigure.ConfigurationPropertiesRebinderAutoConfiguration$$EnhancerBySpringCGLIB$$6f9bc1ad] is not eligible for getting processed by all BeanPostProcessors (for example: not eligible for auto-proxying)
2019-03-01 17:18:08.060  INFO 6436 --- [restartedMain] o.s.b.w.embedded.tomcat.TomcatWebServer  : Tomcat initialized with port(s): 7076 (http)
2019-03-01 17:18:08.061  INFO 6436 --- [restartedMain] o.apache.catalina.core.StandardService   : Starting service [Tomcat]
2019-03-01 17:18:08.062  INFO 6436 --- [restartedMain] org.apache.catalina.core.StandardEngine  : Starting Servlet engine: [Apache Tomcat/9.0.16]
2019-03-01 17:18:08.076  INFO 6436 --- [restartedMain] o.a.c.c.C.[Tomcat].[localhost].[/]       : Initializing Spring embedded WebApplicationContext
2019-03-01 17:18:08.076  INFO 6436 --- [restartedMain] o.s.web.context.ContextLoader            : Root WebApplicationContext: initialization completed in 313 ms
2019-03-01 17:18:08.153  WARN 6436 --- [restartedMain] c.n.c.sources.URLConfigurationSource     : No URLs will be polled as dynamic configuration sources.
2019-03-01 17:18:08.153  INFO 6436 --- [restartedMain] c.n.c.sources.URLConfigurationSource     : To enable URLs as dynamic configuration sources, define System property archaius.configurationSource.additionalUrls or make config.properties available on classpath.
2019-03-01 17:18:08.185  INFO 6436 --- [restartedMain] o.s.s.concurrent.ThreadPoolTaskExecutor  : Initializing ExecutorService 'applicationTaskExecutor'
2019-03-01 17:18:08.252  INFO 6436 --- [restartedMain] o.s.b.d.a.OptionalLiveReloadServer       : LiveReload server is running on port 35729
2019-03-01 17:18:08.736  INFO 6436 --- [restartedMain] o.s.b.a.e.web.EndpointLinksResolver      : Exposing 2 endpoint(s) beneath base path '/actuator'
2019-03-01 17:18:08.760  INFO 6436 --- [restartedMain] o.s.b.w.embedded.tomcat.TomcatWebServer  : Tomcat started on port(s): 7076 (http) with context path ''
2019-03-01 17:18:08.761  INFO 6436 --- [restartedMain] c.s.serviceEnv2.ServiceEnv2Application   : Started ServiceEnv2Application in 2.039 seconds (JVM running for 512.92)
2019-03-01 17:18:08.764  INFO 6436 --- [restartedMain] .ConditionEvaluationDeltaLoggingListener : Condition evaluation unchanged
2019-03-01 17:18:37.711  INFO 6436 --- [Thread-58] o.s.s.concurrent.ThreadPoolTaskExecutor  : Shutting down ExecutorService 'applicationTaskExecutor'
2019-03-01 17:18:39.357  INFO 6436 --- [restartedMain] c.s.serviceEnv2.ServiceEnv2Application   : No active profile set, falling back to default profiles: default
2019-03-01 17:18:39.551  INFO 6436 --- [restartedMain] o.s.cloud.context.scope.GenericScope     : BeanFactory id=3546fac6-312a-3c52-a143-81dcc24e9e2f
2019-03-01 17:18:39.560  INFO 6436 --- [restartedMain] trationDelegate$BeanPostProcessorChecker : Bean 'org.springframework.cloud.autoconfigure.ConfigurationPropertiesRebinderAutoConfiguration' of type [org.springframework.cloud.autoconfigure.ConfigurationPropertiesRebinderAutoConfiguration$$EnhancerBySpringCGLIB$$6f9bc1ad] is not eligible for getting processed by all BeanPostProcessors (for example: not eligible for auto-proxying)
2019-03-01 17:18:39.621  INFO 6436 --- [restartedMain] o.s.b.w.embedded.tomcat.TomcatWebServer  : Tomcat initialized with port(s): 7076 (http)
2019-03-01 17:18:39.622  INFO 6436 --- [restartedMain] o.apache.catalina.core.StandardService   : Starting service [Tomcat]
2019-03-01 17:18:39.622  INFO 6436 --- [restartedMain] org.apache.catalina.core.StandardEngine  : Starting Servlet engine: [Apache Tomcat/9.0.16]
2019-03-01 17:18:39.637  INFO 6436 --- [restartedMain] o.a.c.c.C.[Tomcat].[localhost].[/]       : Initializing Spring embedded WebApplicationContext
2019-03-01 17:18:39.637  INFO 6436 --- [restartedMain] o.s.web.context.ContextLoader            : Root WebApplicationContext: initialization completed in 279 ms
2019-03-01 17:18:39.697  WARN 6436 --- [restartedMain] c.n.c.sources.URLConfigurationSource     : No URLs will be polled as dynamic configuration sources.
2019-03-01 17:18:39.697  INFO 6436 --- [restartedMain] c.n.c.sources.URLConfigurationSource     : To enable URLs as dynamic configuration sources, define System property archaius.configurationSource.additionalUrls or make config.properties available on classpath.
2019-03-01 17:18:39.726  INFO 6436 --- [restartedMain] o.s.s.concurrent.ThreadPoolTaskExecutor  : Initializing ExecutorService 'applicationTaskExecutor'
2019-03-01 17:18:39.773  INFO 6436 --- [restartedMain] o.s.b.d.a.OptionalLiveReloadServer       : LiveReload server is running on port 35729
2019-03-01 17:18:40.257  INFO 6436 --- [restartedMain] o.s.b.a.e.web.EndpointLinksResolver      : Exposing 2 endpoint(s) beneath base path '/actuator'
2019-03-01 17:18:40.277  INFO 6436 --- [restartedMain] o.s.b.w.embedded.tomcat.TomcatWebServer  : Tomcat started on port(s): 7076 (http) with context path ''
2019-03-01 17:18:40.277  INFO 6436 --- [restartedMain] c.s.serviceEnv2.ServiceEnv2Application   : Started ServiceEnv2Application in 2.065 seconds (JVM running for 544.437)
2019-03-01 17:18:40.280  INFO 6436 --- [restartedMain] .ConditionEvaluationDeltaLoggingListener : Condition evaluation unchanged
2019-03-01 17:20:11.051  INFO 6436 --- [http-nio-7076-exec-1] o.a.c.c.C.[Tomcat].[localhost].[/]       : Initializing Spring DispatcherServlet 'dispatcherServlet'
2019-03-01 17:20:11.052  INFO 6436 --- [http-nio-7076-exec-1] o.s.web.servlet.DispatcherServlet        : Initializing Servlet 'dispatcherServlet'
2019-03-01 17:20:11.057  INFO 6436 --- [http-nio-7076-exec-1] o.s.web.servlet.DispatcherServlet        : Completed initialization in 5 ms
